==================================================================
= Multi Theft Auto: San Andreas v1.5.4
==================================================================
= Server name      : Default MTA Server
= Server IP address: auto
= Server port      : 22003
= 
= Log file         : .. 1.5/server/mods/deathmatch/logs/server.log
= Maximum players  : 32
= HTTP port        : 22005
= Voice Chat       : Disabled
= Bandwidth saving : Medium
==================================================================
[2017-07-31 20:56:56] Compacting accounts database 'internal.db' ...
[2017-07-31 20:56:56] File 'settings.xml' not present, creating new node.
[2017-07-31 20:57:37] Resources: 196 loaded, 0 failed
[2017-07-31 20:57:37] Compacting database 'registry.db' ...
[2017-07-31 20:57:37] Starting resources...
[2017-07-31 20:57:43] Admin access list successfully updated 
[2017-07-31 20:57:43] INFO: Admin added 499 missing rights
[2017-07-31 20:57:43] Server minclientversion is now 1.3.0-9.04311
[2017-07-31 20:57:49] Gamemode 'play' started.
[2017-07-31 20:57:49] Querying MTA master server... success! (Auto detected IP:191.187.220.204)
[2017-07-31 20:57:49] Authorized serial account protection is enabled for the ACL group(s): `Admin`  See http://mtasa.com/authserial
[2017-07-31 20:57:49] WARNING: <owner_email_address> not set
[2017-07-31 20:57:49] Server started and is ready to accept connections!
[2017-07-31 20:57:49] To stop the server, type 'shutdown' or press Ctrl-C
[2017-07-31 20:57:49] Type 'help' for a list of commands.
[2017-07-31 20:58:21] Server stopped!
[2017-07-31 20:58:21] Stopping resources......................
[2017-07-31 20:58:21] Closing SQLite3 database
==================================================================
= Multi Theft Auto: San Andreas v1.5.4
==================================================================
= Server name      : Criando server locao
= Server IP address: auto
= Server port      : 22003
= 
= Log file         : .. 1.5/server/mods/deathmatch/logs/server.log
= Maximum players  : 32
= HTTP port        : 22005
= Voice Chat       : Disabled
= Bandwidth saving : Medium
==================================================================
[2017-07-31 21:05:26] Resources: 196 loaded, 0 failed
[2017-07-31 21:05:26] Starting resources...
[2017-07-31 21:05:32] Server minclientversion is now 1.5.4-9.11595.0
[2017-07-31 21:05:37] Gamemode 'play' started.
[2017-07-31 21:05:37] Querying MTA master server... success! (Auto detected IP:191.187.220.204)
[2017-07-31 21:05:37] Authorized serial account protection is enabled for the ACL group(s): `Admin`  See http://mtasa.com/authserial
[2017-07-31 21:05:37] WARNING: <owner_email_address> not set
[2017-07-31 21:05:37] Server started and is ready to accept connections!
[2017-07-31 21:05:37] To stop the server, type 'shutdown' or press Ctrl-C
[2017-07-31 21:05:37] Type 'help' for a list of commands.
[2017-07-31 21:06:27] CONNECT: #FF4500C connected (IP: 192.168.0.12  Serial: 061C54A3294BBE1D056AC59026F8A124  Version: 1.5.4-9.11595.1)
[2017-07-31 21:06:29] JOIN: #FF4500C joined the game (IP: 192.168.0.12)
[2017-07-31 21:07:01] QUIT: #FF4500C left the game [Quit]
[2017-07-31 21:07:26] Server stopped!
[2017-07-31 21:07:26] Stopping resources......................
[2017-07-31 21:07:26] Closing SQLite3 database
==================================================================
= Multi Theft Auto: San Andreas v1.5.4
==================================================================
= Server name      : Criando server locao
= Server IP address: auto
= Server port      : 22003
= 
= Log file         : .. 1.5/server/mods/deathmatch/logs/server.log
= Maximum players  : 32
= HTTP port        : 22005
= Voice Chat       : Disabled
= Bandwidth saving : Medium
==================================================================
[2017-07-31 21:07:49] Resources: 196 loaded, 0 failed
[2017-07-31 21:07:49] Starting resources...
[2017-07-31 21:07:55] Server minclientversion is now 1.5.4-9.11595.0
[2017-07-31 21:08:00] WARNING: DayZ/survivorSystem_client.lua(Line 202) [Client] showPlayerHudComponent is deprecated and may not work in future versions. Please replace with setPlayerHudComponentVisible.
[2017-07-31 21:08:00] WARNING: DayZ/survivorSystem_client.lua(Line 778) [Client] setControlState is deprecated and may not work in future versions. Please replace with setPedControlState.
[2017-07-31 21:08:00] WARNING: DayZ/survivorSystem_client.lua(Line 1035) [Client] getControlState is deprecated and may not work in future versions. Please replace with getPedControlState.
[2017-07-31 21:08:00] Some files in 'DayZ' use deprecated functions.
[2017-07-31 21:08:00] Use the 'upgrade' command to perform a basic upgrade of resources.
[2017-07-31 21:08:02] ERROR: [DayZ-MTA]\DayZ\group_system\gang_utils.lua:37: Database query failed: no such table: gangs
[2017-07-31 21:08:02] ERROR: [DayZ-MTA]\DayZ\group_system\groupsystem.lua:30: bad argument #1 to 'pairs' (table expected, got string)
[2017-07-31 21:08:04] ERROR: [DayZ-MTA]\DayZ\group_system\gang_server.lua:5: exports: Call to non-running server resource (scoreboard) [string "?"]
[2017-07-31 21:08:04] Creating new DB table gangs
[2017-07-31 21:08:04] Creating new DB table gang_members
[2017-07-31 21:08:04] ERROR: login login_client.lua is invalid. Please re-compile at http://luac.mtasa.com/
[2017-07-31 21:08:04] WARNING: slothbot/sbclient.lua(Line 40) [Client] isPlayerDead is deprecated and may not work in future versions. Please replace with isPedDead.
[2017-07-31 21:08:04] Some files in 'slothbot' use deprecated functions.
[2017-07-31 21:08:04] Use the 'upgrade' command to perform a basic upgrade of resources.
[2017-07-31 21:08:04] Querying MTA master server... success! (Auto detected IP:191.187.220.204)
[2017-07-31 21:08:04] Authorized serial account protection is enabled for the ACL group(s): `Admin`  See http://mtasa.com/authserial
[2017-07-31 21:08:04] WARNING: <owner_email_address> not set
[2017-07-31 21:08:04] Server started and is ready to accept connections!
[2017-07-31 21:08:04] To stop the server, type 'shutdown' or press Ctrl-C
[2017-07-31 21:08:04] Type 'help' for a list of commands.
[2017-07-31 21:08:38] CONNECT: #FF4500C connected (IP: 192.168.0.12  Serial: 061C54A3294BBE1D056AC59026F8A124  Version: 1.5.4-9.11595.1)
[2017-07-31 21:08:39] JOIN: #FF4500C joined the game (IP: 192.168.0.12)
[2017-07-31 21:09:01] LOGIN: (Everyone, Admin, Console) #FF4500C successfully logged in as 'murilo' (IP: 192.168.0.12  Serial: 061C54A3294BBE1D056AC59026F8A124)
[2017-07-31 21:09:18] ADMIN: #FF4500C has given a jetpack to #FF4500C
[2017-07-31 21:09:29] ADMIN: #FF4500C has removed #FF4500C's jetpack
[2017-07-31 21:09:55] ADMIN: #FF4500C has changed #FF4500C's health to 100
[2017-07-31 21:10:07] ERROR: admin\server\admin_servermaps.lua:26: call: Failed, the resource mapmanager isn't running
[2017-07-31 21:10:07] ERROR: admin\server\admin_servermaps.lua:27: bad argument #1 to 'ipairs' (table expected, got boolean)
[2017-07-31 21:10:13] ERROR: admin\server\admin_servermaps.lua:26: call: Failed, the resource mapmanager isn't running
[2017-07-31 21:10:13] ERROR: admin\server\admin_servermaps.lua:27: bad argument #1 to 'ipairs' (table expected, got boolean)
[2017-07-31 21:10:35] WARNING: [DayZ-MTA]\DayZ\survivorSystem.lua:343: Bad argument @ 'setPedSkin' [Expected element at argument 1, got number '73']
[2017-07-31 21:11:29] QUIT: #FF4500C left the game [Quit]
[2017-07-31 21:11:29] WARNING: [DayZ-MTA]\DayZ\login.lua:257: Bad argument @ 'destroyElement' [Expected element at argument 1, got boolean]
[2017-07-31 21:12:59] Server stopped!
[2017-07-31 21:12:59] Stopping resources.............
[2017-07-31 21:13:20] Closing SQLite3 database
==================================================================
= Multi Theft Auto: San Andreas v1.5.4
==================================================================
= Server name      : Criando server locao
= Server IP address: auto
= Server port      : 22003
= 
= Log file         : .. 1.5/server/mods/deathmatch/logs/server.log
= Maximum players  : 32
= HTTP port        : 22005
= Voice Chat       : Disabled
= Bandwidth saving : Medium
==================================================================
[2017-07-31 21:13:54] Resources: 196 loaded, 0 failed
[2017-07-31 21:13:54] Starting resources...
[2017-07-31 21:14:00] Server minclientversion is now 1.5.4-9.11595.0
[2017-07-31 21:14:06] WARNING: DayZ/survivorSystem_client.lua(Line 202) [Client] showPlayerHudComponent is deprecated and may not work in future versions. Please replace with setPlayerHudComponentVisible before Tuesday.
[2017-07-31 21:14:06] WARNING: DayZ/survivorSystem_client.lua(Line 778) [Client] setControlState is deprecated and may not work in future versions. Please replace with setPedControlState before Tuesday.
[2017-07-31 21:14:06] WARNING: DayZ/survivorSystem_client.lua(Line 1035) [Client] getControlState is deprecated and may not work in future versions. Please replace with getPedControlState before Tuesday.
[2017-07-31 21:14:06] Some files in 'DayZ' use deprecated functions.
[2017-07-31 21:14:06] Use the 'upgrade' command to perform a basic upgrade of resources.
[2017-07-31 21:14:10] ERROR: [DayZ-MTA]\DayZ\group_system\gang_server.lua:5: exports: Call to non-running server resource (scoreboard) [string "?"]
[2017-07-31 21:14:10] Creating new DB table gangs
[2017-07-31 21:14:10] Creating new DB table gang_members
[2017-07-31 21:14:10] ERROR: login login_client.lua is invalid. Please re-compile at http://luac.mtasa.com/
[2017-07-31 21:14:10] WARNING: slothbot/sbclient.lua(Line 40) [Client] isPlayerDead is deprecated and may not work in future versions. Please replace with isPedDead before Tuesday.
[2017-07-31 21:14:10] Some files in 'slothbot' use deprecated functions.
[2017-07-31 21:14:10] Use the 'upgrade' command to perform a basic upgrade of resources.
[2017-07-31 21:14:10] Querying MTA master server... success! (Auto detected IP:191.187.220.204)
[2017-07-31 21:14:10] Authorized serial account protection is enabled for the ACL group(s): `Admin`  See http://mtasa.com/authserial
[2017-07-31 21:14:10] WARNING: <owner_email_address> not set
[2017-07-31 21:14:10] Server started and is ready to accept connections!
[2017-07-31 21:14:10] To stop the server, type 'shutdown' or press Ctrl-C
[2017-07-31 21:14:10] Type 'help' for a list of commands.
[2017-07-31 21:19:54] Server stopped!
[2017-07-31 21:19:55] Stopping resources.............
[2017-07-31 21:20:11] Closing SQLite3 database
==================================================================
= Multi Theft Auto: San Andreas v1.5.4
==================================================================
= Server name      : Criando server locao
= Server IP address: auto
= Server port      : 22003
= 
= Log file         : .. 1.5/server/mods/deathmatch/logs/server.log
= Maximum players  : 32
= HTTP port        : 22005
= Voice Chat       : Disabled
= Bandwidth saving : Medium
==================================================================
[2017-07-31 21:20:46] Resources: 196 loaded, 0 failed
[2017-07-31 21:20:46] Starting resources...
[2017-07-31 21:20:52] Server minclientversion is now 1.5.4-9.11595.0
[2017-07-31 21:20:57] WARNING: DayZ/survivorSystem_client.lua(Line 202) [Client] showPlayerHudComponent is deprecated and may not work in future versions. Please replace with setPlayerHudComponentVisible.
[2017-07-31 21:20:57] WARNING: DayZ/survivorSystem_client.lua(Line 778) [Client] setControlState is deprecated and may not work in future versions. Please replace with setPedControlState.
[2017-07-31 21:20:57] WARNING: DayZ/survivorSystem_client.lua(Line 1035) [Client] getControlState is deprecated and may not work in future versions. Please replace with getPedControlState.
[2017-07-31 21:20:57] Some files in 'DayZ' use deprecated functions.
[2017-07-31 21:20:57] Use the 'upgrade' command to perform a basic upgrade of resources.
[2017-07-31 21:21:02] ERROR: [DayZ-MTA]\DayZ\group_system\gang_server.lua:5: exports: Call to non-running server resource (scoreboard) [string "?"]
[2017-07-31 21:21:02] Creating new DB table gangs
[2017-07-31 21:21:02] Creating new DB table gang_members
[2017-07-31 21:21:02] ERROR: login login_client.lua is invalid. Please re-compile at http://luac.mtasa.com/
[2017-07-31 21:21:02] WARNING: slothbot/sbclient.lua(Line 40) [Client] isPlayerDead is deprecated and may not work in future versions. Please replace with isPedDead.
[2017-07-31 21:21:02] Some files in 'slothbot' use deprecated functions.
[2017-07-31 21:21:02] Use the 'upgrade' command to perform a basic upgrade of resources.
[2017-07-31 21:21:02] Querying MTA master server... success! (Auto detected IP:191.187.220.204)
[2017-07-31 21:21:02] Authorized serial account protection is enabled for the ACL group(s): `Admin`  See http://mtasa.com/authserial
[2017-07-31 21:21:02] WARNING: <owner_email_address> not set
[2017-07-31 21:21:02] Server started and is ready to accept connections!
[2017-07-31 21:21:02] To stop the server, type 'shutdown' or press Ctrl-C
[2017-07-31 21:21:02] Type 'help' for a list of commands.
[2017-07-31 21:22:11] * Syntax: upgrade <resource-name> | all
[2017-07-31 21:23:07] Server stopped!
[2017-07-31 21:23:07] Stopping resources...==================================================================
= Multi Theft Auto: San Andreas v1.5.4
==================================================================
= Server name      : Criando server locao
= Server IP address: auto
= Server port      : 22003
= 
= Log file         : .. 1.5/server/mods/deathmatch/logs/server.log
= Maximum players  : 32
= HTTP port        : 22005
= Voice Chat       : Disabled
= Bandwidth saving : Medium
==================================================================
[2017-07-31 21:23:33] Resources: 196 loaded, 0 failed
[2017-07-31 21:23:33] Starting resources...
[2017-07-31 21:23:45] Server minclientversion is now 1.5.4-9.11595.0
[2017-07-31 21:23:52] WARNING: DayZ/survivorSystem_client.lua(Line 202) [Client] showPlayerHudComponent is deprecated and may not work in future versions. Please replace with setPlayerHudComponentVisible before Tuesday.
[2017-07-31 21:23:52] WARNING: DayZ/survivorSystem_client.lua(Line 778) [Client] setControlState is deprecated and may not work in future versions. Please replace with setPedControlState before Tuesday.
[2017-07-31 21:23:52] WARNING: DayZ/survivorSystem_client.lua(Line 1035) [Client] getControlState is deprecated and may not work in future versions. Please replace with getPedControlState before Tuesday.
[2017-07-31 21:23:52] Some files in 'DayZ' use deprecated functions.
[2017-07-31 21:23:52] Use the 'upgrade' command to perform a basic upgrade of resources.
[2017-07-31 21:23:57] ERROR: [DayZ-MTA]\DayZ\group_system\gang_server.lua:5: exports: Call to non-running server resource (scoreboard) [string "?"]
[2017-07-31 21:23:57] Creating new DB table gangs
[2017-07-31 21:23:57] Creating new DB table gang_members
[2017-07-31 21:23:57] ERROR: login login_client.lua is invalid. Please re-compile at http://luac.mtasa.com/
[2017-07-31 21:23:57] WARNING: slothbot/sbclient.lua(Line 40) [Client] isPlayerDead is deprecated and may not work in future versions. Please replace with isPedDead before Tuesday.
[2017-07-31 21:23:57] Some files in 'slothbot' use deprecated functions.
[2017-07-31 21:23:57] Use the 'upgrade' command to perform a basic upgrade of resources.
[2017-07-31 21:23:57] Querying MTA master server... success! (Auto detected IP:191.187.220.204)
[2017-07-31 21:23:57] Authorized serial account protection is enabled for the ACL group(s): `Admin`  See http://mtasa.com/authserial
[2017-07-31 21:23:57] WARNING: <owner_email_address> not set
[2017-07-31 21:23:57] Server started and is ready to accept connections!
[2017-07-31 21:23:57] To stop the server, type 'shutdown' or press Ctrl-C
[2017-07-31 21:23:57] Type 'help' for a list of commands.
[2017-07-31 21:24:15] Upgrading DayZ:survivorSystem_client.lua ...........done
[2017-07-31 21:24:16] Resource 'DayZ' changed while running, reloading and restarting
[2017-07-31 21:24:16] Stopping DayZ
[2017-07-31 21:24:45] New resource 'DayZ' loaded
[2017-07-31 21:25:05] Resources: 196 loaded, 0 failed
[2017-07-31 21:25:05] Starting DayZ
[2017-07-31 21:25:17] ERROR: [DayZ-MTA]\DayZ\group_system\gang_server.lua:5: exports: Call to non-running server resource (scoreboard) [string "?"]
[2017-07-31 21:25:17] Creating new DB table gangs
[2017-07-31 21:25:17] Creating new DB table gang_members
[2017-07-31 21:25:18] Upgrade completed.
[2017-07-31 21:27:54] Server stopped!
[2017-07-31 21:27:54] Stopping resources.............
[2017-07-31 21:28:27] Closing SQLite3 database
==================================================================
= Multi Theft Auto: San Andreas v1.5.4
==================================================================
= Server name      : Criando server locao
= Server IP address: auto
= Server port      : 22003
= 
= Log file         : .. 1.5/server/mods/deathmatch/logs/server.log
= Maximum players  : 32
= HTTP port        : 22005
= Voice Chat       : Disabled
= Bandwidth saving : Medium
==================================================================
[2017-07-31 21:29:21] Resources: 196 loaded, 0 failed
[2017-07-31 21:29:21] Starting resources...
[2017-07-31 21:29:27] Server minclientversion is now 1.5.4-9.11595.0
[2017-07-31 21:29:41] ERROR: [DayZ-MTA]\DayZ\group_system\gang_server.lua:5: exports: Call to non-running server resource (scoreboard) [string "?"]
[2017-07-31 21:29:41] Creating new DB table gangs
[2017-07-31 21:29:41] Creating new DB table gang_members
[2017-07-31 21:29:41] ERROR: login login_client.lua is invalid. Please re-compile at http://luac.mtasa.com/
[2017-07-31 21:29:41] WARNING: slothbot/sbclient.lua(Line 40) [Client] isPlayerDead is deprecated and may not work in future versions. Please replace with isPedDead before Tuesday.
[2017-07-31 21:29:41] Some files in 'slothbot' use deprecated functions.
[2017-07-31 21:29:41] Use the 'upgrade' command to perform a basic upgrade of resources.
[2017-07-31 21:29:41] Querying MTA master server... success! (Auto detected IP:191.187.220.204)
[2017-07-31 21:29:41] Authorized serial account protection is enabled for the ACL group(s): `Admin`  See http://mtasa.com/authserial
[2017-07-31 21:29:41] WARNING: <owner_email_address> not set
[2017-07-31 21:29:41] Server started and is ready to accept connections!
[2017-07-31 21:29:41] To stop the server, type 'shutdown' or press Ctrl-C
[2017-07-31 21:29:41] Type 'help' for a list of commands.
[2017-07-31 21:40:46] Server stopped!
[2017-07-31 21:40:46] Stopping resources.............
[2017-07-31 21:41:03] Closing SQLite3 database
